{"/home/durjoydey/Documents/blog-application-backend/app.js": {"path":"/home/durjoydey/Documents/blog-application-backend/app.js","statementMap":{"0":{"start":{"line":2,"column":16},"end":{"line":2,"column":34}},"1":{"start":{"line":3,"column":15},"end":{"line":3,"column":32}},"2":{"start":{"line":5,"column":19},"end":{"line":5,"column":49}},"3":{"start":{"line":6,"column":19},"end":{"line":6,"column":49}},"4":{"start":{"line":8,"column":12},"end":{"line":8,"column":21}},"5":{"start":{"line":9,"column":0},"end":{"line":9,"column":23}},"6":{"start":{"line":10,"column":0},"end":{"line":10,"column":24}},"7":{"start":{"line":12,"column":0},"end":{"line":12,"column":36}},"8":{"start":{"line":13,"column":0},"end":{"line":13,"column":36}},"9":{"start":{"line":16,"column":0},"end":{"line":16,"column":21}}},"fnMap":{},"branchMap":{},"s":{"0":1,"1":1,"2":1,"3":1,"4":1,"5":1,"6":1,"7":1,"8":1,"9":1},"f":{},"b":{},"_coverageSchema":"1a1c01bbd47fc00a2c39e90264f33305004495a9","hash":"99877fdee71ae97e2afe4ab7246cd11c7b0887ad"}
,"/home/durjoydey/Documents/blog-application-backend/controllers/authController.js": {"path":"/home/durjoydey/Documents/blog-application-backend/controllers/authController.js","statementMap":{"0":{"start":{"line":1,"column":22},"end":{"line":1,"column":37}},"1":{"start":{"line":2,"column":12},"end":{"line":2,"column":35}},"2":{"start":{"line":3,"column":13},"end":{"line":3,"column":45}},"3":{"start":{"line":4,"column":17},"end":{"line":4,"column":47}},"4":{"start":{"line":5,"column":19},"end":{"line":5,"column":51}},"5":{"start":{"line":6,"column":27},"end":{"line":6,"column":61}},"6":{"start":{"line":7,"column":24},"end":{"line":7,"column":60}},"7":{"start":{"line":8,"column":16},"end":{"line":8,"column":36}},"8":{"start":{"line":9,"column":20},"end":{"line":9,"column":44}},"9":{"start":{"line":11,"column":18},"end":{"line":15,"column":1}},"10":{"start":{"line":12,"column":4},"end":{"line":14,"column":7}},"11":{"start":{"line":16,"column":19},"end":{"line":26,"column":1}},"12":{"start":{"line":17,"column":26},"end":{"line":22,"column":5}},"13":{"start":{"line":23,"column":4},"end":{"line":25,"column":5}},"14":{"start":{"line":24,"column":8},"end":{"line":24,"column":36}},"15":{"start":{"line":27,"column":0},"end":{"line":48,"column":2}},"16":{"start":{"line":28,"column":4},"end":{"line":47,"column":5}},"17":{"start":{"line":29,"column":24},"end":{"line":29,"column":58}},"18":{"start":{"line":30,"column":22},"end":{"line":30,"column":44}},"19":{"start":{"line":31,"column":30},"end":{"line":31,"column":42}},"20":{"start":{"line":33,"column":8},"end":{"line":33,"column":46}},"21":{"start":{"line":35,"column":8},"end":{"line":41,"column":11}},"22":{"start":{"line":43,"column":8},"end":{"line":46,"column":11}},"23":{"start":{"line":50,"column":0},"end":{"line":61,"column":3}},"24":{"start":{"line":51,"column":17},"end":{"line":51,"column":50}},"25":{"start":{"line":54,"column":18},"end":{"line":54,"column":37}},"26":{"start":{"line":55,"column":26},"end":{"line":55,"column":38}},"27":{"start":{"line":56,"column":4},"end":{"line":56,"column":42}},"28":{"start":{"line":57,"column":4},"end":{"line":60,"column":7}}},"fnMap":{"0":{"name":"(anonymous_0)","decl":{"start":{"line":11,"column":18},"end":{"line":11,"column":19}},"loc":{"start":{"line":11,"column":24},"end":{"line":15,"column":1}},"line":11},"1":{"name":"(anonymous_1)","decl":{"start":{"line":16,"column":19},"end":{"line":16,"column":20}},"loc":{"start":{"line":16,"column":24},"end":{"line":26,"column":1}},"line":16},"2":{"name":"(anonymous_2)","decl":{"start":{"line":27,"column":17},"end":{"line":27,"column":18}},"loc":{"start":{"line":27,"column":40},"end":{"line":48,"column":1}},"line":27},"3":{"name":"(anonymous_3)","decl":{"start":{"line":50,"column":27},"end":{"line":50,"column":28}},"loc":{"start":{"line":50,"column":50},"end":{"line":61,"column":1}},"line":50}},"branchMap":{"0":{"loc":{"start":{"line":23,"column":4},"end":{"line":25,"column":5}},"type":"if","locations":[{"start":{"line":23,"column":4},"end":{"line":25,"column":5}},{"start":{},"end":{}}],"line":23}},"s":{"0":1,"1":1,"2":1,"3":1,"4":1,"5":1,"6":1,"7":1,"8":1,"9":1,"10":0,"11":1,"12":0,"13":0,"14":0,"15":1,"16":0,"17":0,"18":0,"19":0,"20":0,"21":0,"22":0,"23":1,"24":0,"25":0,"26":0,"27":0,"28":0},"f":{"0":0,"1":0,"2":0,"3":0},"b":{"0":[0,0]},"_coverageSchema":"1a1c01bbd47fc00a2c39e90264f33305004495a9","hash":"d29a94a6cc690f7b7bd277df3bae8a4fd70fdc4c"}
,"/home/durjoydey/Documents/blog-application-backend/controllers/blogController.js": {"path":"/home/durjoydey/Documents/blog-application-backend/controllers/blogController.js","statementMap":{"0":{"start":{"line":1,"column":14},"end":{"line":1,"column":32}},"1":{"start":{"line":1,"column":46},"end":{"line":1,"column":74}},"2":{"start":{"line":2,"column":19},"end":{"line":2,"column":42}},"3":{"start":{"line":3,"column":27},"end":{"line":3,"column":59}},"4":{"start":{"line":4,"column":24},"end":{"line":4,"column":58}},"5":{"start":{"line":5,"column":13},"end":{"line":5,"column":45}},"6":{"start":{"line":6,"column":16},"end":{"line":6,"column":36}},"7":{"start":{"line":7,"column":20},"end":{"line":7,"column":44}},"8":{"start":{"line":9,"column":0},"end":{"line":34,"column":2}},"9":{"start":{"line":10,"column":4},"end":{"line":33,"column":5}},"10":{"start":{"line":11,"column":22},"end":{"line":11,"column":53}},"11":{"start":{"line":12,"column":8},"end":{"line":27,"column":9}},"12":{"start":{"line":14,"column":16},"end":{"line":20,"column":18}},"13":{"start":{"line":23,"column":14},"end":{"line":23,"column":42}},"14":{"start":{"line":24,"column":30},"end":{"line":24,"column":63}},"15":{"start":{"line":25,"column":14},"end":{"line":25,"column":59}},"16":{"start":{"line":29,"column":8},"end":{"line":32,"column":11}},"17":{"start":{"line":35,"column":0},"end":{"line":58,"column":2}},"18":{"start":{"line":36,"column":4},"end":{"line":57,"column":5}},"19":{"start":{"line":37,"column":21},"end":{"line":37,"column":61}},"20":{"start":{"line":38,"column":8},"end":{"line":51,"column":11}},"21":{"start":{"line":40,"column":16},"end":{"line":45,"column":18}},"22":{"start":{"line":48,"column":30},"end":{"line":48,"column":62}},"23":{"start":{"line":49,"column":14},"end":{"line":49,"column":59}},"24":{"start":{"line":53,"column":8},"end":{"line":56,"column":11}},"25":{"start":{"line":59,"column":0},"end":{"line":82,"column":2}},"26":{"start":{"line":60,"column":4},"end":{"line":81,"column":5}},"27":{"start":{"line":61,"column":21},"end":{"line":61,"column":59}},"28":{"start":{"line":62,"column":8},"end":{"line":75,"column":11}},"29":{"start":{"line":64,"column":16},"end":{"line":69,"column":18}},"30":{"start":{"line":72,"column":30},"end":{"line":72,"column":62}},"31":{"start":{"line":73,"column":14},"end":{"line":73,"column":59}},"32":{"start":{"line":77,"column":8},"end":{"line":80,"column":11}},"33":{"start":{"line":83,"column":0},"end":{"line":107,"column":2}},"34":{"start":{"line":84,"column":3},"end":{"line":106,"column":4}},"35":{"start":{"line":85,"column":21},"end":{"line":85,"column":59}},"36":{"start":{"line":87,"column":8},"end":{"line":100,"column":11}},"37":{"start":{"line":89,"column":16},"end":{"line":94,"column":18}},"38":{"start":{"line":97,"column":30},"end":{"line":97,"column":62}},"39":{"start":{"line":98,"column":14},"end":{"line":98,"column":59}},"40":{"start":{"line":102,"column":8},"end":{"line":105,"column":11}},"41":{"start":{"line":109,"column":0},"end":{"line":122,"column":1}},"42":{"start":{"line":110,"column":4},"end":{"line":121,"column":5}},"43":{"start":{"line":111,"column":8},"end":{"line":111,"column":42}},"44":{"start":{"line":112,"column":8},"end":{"line":115,"column":11}},"45":{"start":{"line":117,"column":8},"end":{"line":120,"column":11}}},"fnMap":{"0":{"name":"(anonymous_0)","decl":{"start":{"line":9,"column":22},"end":{"line":9,"column":23}},"loc":{"start":{"line":9,"column":40},"end":{"line":34,"column":1}},"line":9},"1":{"name":"(anonymous_1)","decl":{"start":{"line":13,"column":23},"end":{"line":13,"column":24}},"loc":{"start":{"line":13,"column":34},"end":{"line":21,"column":11}},"line":13},"2":{"name":"(anonymous_2)","decl":{"start":{"line":22,"column":19},"end":{"line":22,"column":20}},"loc":{"start":{"line":22,"column":30},"end":{"line":26,"column":11}},"line":22},"3":{"name":"(anonymous_3)","decl":{"start":{"line":35,"column":18},"end":{"line":35,"column":19}},"loc":{"start":{"line":35,"column":37},"end":{"line":58,"column":1}},"line":35},"4":{"name":"(anonymous_4)","decl":{"start":{"line":39,"column":23},"end":{"line":39,"column":24}},"loc":{"start":{"line":39,"column":34},"end":{"line":46,"column":11}},"line":39},"5":{"name":"(anonymous_5)","decl":{"start":{"line":47,"column":19},"end":{"line":47,"column":20}},"loc":{"start":{"line":47,"column":30},"end":{"line":50,"column":11}},"line":47},"6":{"name":"(anonymous_6)","decl":{"start":{"line":59,"column":22},"end":{"line":59,"column":23}},"loc":{"start":{"line":59,"column":45},"end":{"line":82,"column":1}},"line":59},"7":{"name":"(anonymous_7)","decl":{"start":{"line":63,"column":23},"end":{"line":63,"column":24}},"loc":{"start":{"line":63,"column":34},"end":{"line":70,"column":11}},"line":63},"8":{"name":"(anonymous_8)","decl":{"start":{"line":71,"column":19},"end":{"line":71,"column":20}},"loc":{"start":{"line":71,"column":30},"end":{"line":74,"column":11}},"line":71},"9":{"name":"(anonymous_9)","decl":{"start":{"line":83,"column":21},"end":{"line":83,"column":22}},"loc":{"start":{"line":83,"column":44},"end":{"line":107,"column":1}},"line":83},"10":{"name":"(anonymous_10)","decl":{"start":{"line":88,"column":23},"end":{"line":88,"column":24}},"loc":{"start":{"line":88,"column":34},"end":{"line":95,"column":11}},"line":88},"11":{"name":"(anonymous_11)","decl":{"start":{"line":96,"column":19},"end":{"line":96,"column":20}},"loc":{"start":{"line":96,"column":30},"end":{"line":99,"column":11}},"line":96},"12":{"name":"(anonymous_12)","decl":{"start":{"line":109,"column":20},"end":{"line":109,"column":21}},"loc":{"start":{"line":109,"column":39},"end":{"line":122,"column":1}},"line":109}},"branchMap":{},"s":{"0":1,"1":1,"2":1,"3":1,"4":1,"5":1,"6":1,"7":1,"8":1,"9":0,"10":0,"11":0,"12":0,"13":0,"14":0,"15":0,"16":0,"17":1,"18":0,"19":0,"20":0,"21":0,"22":0,"23":0,"24":0,"25":1,"26":0,"27":0,"28":0,"29":0,"30":0,"31":0,"32":0,"33":1,"34":0,"35":0,"36":0,"37":0,"38":0,"39":0,"40":0,"41":1,"42":0,"43":0,"44":0,"45":0},"f":{"0":0,"1":0,"2":0,"3":0,"4":0,"5":0,"6":0,"7":0,"8":0,"9":0,"10":0,"11":0,"12":0},"b":{},"_coverageSchema":"1a1c01bbd47fc00a2c39e90264f33305004495a9","hash":"c760ca3ecfc1e255b011a27e49113bca4df13d25"}
,"/home/durjoydey/Documents/blog-application-backend/controllers/userController.js": {"path":"/home/durjoydey/Documents/blog-application-backend/controllers/userController.js","statementMap":{"0":{"start":{"line":1,"column":13},"end":{"line":1,"column":45}},"1":{"start":{"line":4,"column":0},"end":{"line":19,"column":2}},"2":{"start":{"line":5,"column":4},"end":{"line":18,"column":5}},"3":{"start":{"line":6,"column":22},"end":{"line":6,"column":39}},"4":{"start":{"line":7,"column":8},"end":{"line":12,"column":11}},"5":{"start":{"line":14,"column":8},"end":{"line":17,"column":11}},"6":{"start":{"line":20,"column":0},"end":{"line":25,"column":2}},"7":{"start":{"line":21,"column":4},"end":{"line":24,"column":7}},"8":{"start":{"line":26,"column":0},"end":{"line":31,"column":2}},"9":{"start":{"line":27,"column":4},"end":{"line":30,"column":7}},"10":{"start":{"line":32,"column":0},"end":{"line":37,"column":2}},"11":{"start":{"line":33,"column":4},"end":{"line":36,"column":7}}},"fnMap":{"0":{"name":"(anonymous_0)","decl":{"start":{"line":4,"column":22},"end":{"line":4,"column":23}},"loc":{"start":{"line":4,"column":39},"end":{"line":19,"column":1}},"line":4},"1":{"name":"(anonymous_1)","decl":{"start":{"line":20,"column":21},"end":{"line":20,"column":22}},"loc":{"start":{"line":20,"column":33},"end":{"line":25,"column":1}},"line":20},"2":{"name":"(anonymous_2)","decl":{"start":{"line":26,"column":21},"end":{"line":26,"column":22}},"loc":{"start":{"line":26,"column":33},"end":{"line":31,"column":1}},"line":26},"3":{"name":"(anonymous_3)","decl":{"start":{"line":32,"column":18},"end":{"line":32,"column":19}},"loc":{"start":{"line":32,"column":30},"end":{"line":37,"column":1}},"line":32}},"branchMap":{},"s":{"0":1,"1":1,"2":0,"3":0,"4":0,"5":0,"6":1,"7":0,"8":1,"9":0,"10":1,"11":0},"f":{"0":0,"1":0,"2":0,"3":0},"b":{},"_coverageSchema":"1a1c01bbd47fc00a2c39e90264f33305004495a9","hash":"278120d589415f8bf8c37df37f3985bed5c8b410"}
,"/home/durjoydey/Documents/blog-application-backend/dao/authDao.js": {"path":"/home/durjoydey/Documents/blog-application-backend/dao/authDao.js","statementMap":{"0":{"start":{"line":3,"column":8},"end":{"line":5,"column":9}},"1":{"start":{"line":4,"column":10},"end":{"line":4,"column":69}},"2":{"start":{"line":7,"column":13},"end":{"line":9,"column":5}},"3":{"start":{"line":10,"column":12},"end":{"line":12,"column":5}},"4":{"start":{"line":13,"column":14},"end":{"line":15,"column":5}},"5":{"start":{"line":17,"column":0},"end":{"line":17,"column":27}}},"fnMap":{"0":{"name":"(anonymous_0)","decl":{"start":{"line":2,"column":4},"end":{"line":2,"column":5}},"loc":{"start":{"line":2,"column":18},"end":{"line":6,"column":7}},"line":2},"1":{"name":"(anonymous_1)","decl":{"start":{"line":7,"column":13},"end":{"line":7,"column":14}},"loc":{"start":{"line":7,"column":33},"end":{"line":9,"column":5}},"line":7},"2":{"name":"(anonymous_2)","decl":{"start":{"line":10,"column":12},"end":{"line":10,"column":13}},"loc":{"start":{"line":10,"column":31},"end":{"line":12,"column":5}},"line":10},"3":{"name":"(anonymous_3)","decl":{"start":{"line":13,"column":14},"end":{"line":13,"column":15}},"loc":{"start":{"line":13,"column":27},"end":{"line":15,"column":5}},"line":13}},"branchMap":{"0":{"loc":{"start":{"line":3,"column":8},"end":{"line":5,"column":9}},"type":"if","locations":[{"start":{"line":3,"column":8},"end":{"line":5,"column":9}},{"start":{},"end":{}}],"line":3}},"s":{"0":3,"1":0,"2":3,"3":3,"4":3,"5":2},"f":{"0":3,"1":0,"2":0,"3":0},"b":{"0":[0,3]},"_coverageSchema":"1a1c01bbd47fc00a2c39e90264f33305004495a9","hash":"bf6ff45ed6fae30191560aac43d88a3f92f6759e"}
,"/home/durjoydey/Documents/blog-application-backend/dao/blogDao.js": {"path":"/home/durjoydey/Documents/blog-application-backend/dao/blogDao.js","statementMap":{"0":{"start":{"line":3,"column":8},"end":{"line":5,"column":9}},"1":{"start":{"line":4,"column":10},"end":{"line":4,"column":69}},"2":{"start":{"line":7,"column":17},"end":{"line":9,"column":5}},"3":{"start":{"line":10,"column":14},"end":{"line":12,"column":5}},"4":{"start":{"line":13,"column":18},"end":{"line":15,"column":5}},"5":{"start":{"line":16,"column":17},"end":{"line":18,"column":5}},"6":{"start":{"line":19,"column":17},"end":{"line":21,"column":5}},"7":{"start":{"line":23,"column":0},"end":{"line":23,"column":27}}},"fnMap":{"0":{"name":"(anonymous_0)","decl":{"start":{"line":2,"column":4},"end":{"line":2,"column":5}},"loc":{"start":{"line":2,"column":18},"end":{"line":6,"column":7}},"line":2},"1":{"name":"(anonymous_1)","decl":{"start":{"line":7,"column":17},"end":{"line":7,"column":18}},"loc":{"start":{"line":7,"column":37},"end":{"line":9,"column":5}},"line":7},"2":{"name":"(anonymous_2)","decl":{"start":{"line":10,"column":14},"end":{"line":10,"column":15}},"loc":{"start":{"line":10,"column":31},"end":{"line":12,"column":5}},"line":10},"3":{"name":"(anonymous_3)","decl":{"start":{"line":13,"column":18},"end":{"line":13,"column":19}},"loc":{"start":{"line":13,"column":28},"end":{"line":15,"column":5}},"line":13},"4":{"name":"(anonymous_4)","decl":{"start":{"line":16,"column":17},"end":{"line":16,"column":18}},"loc":{"start":{"line":16,"column":37},"end":{"line":18,"column":5}},"line":16},"5":{"name":"(anonymous_5)","decl":{"start":{"line":19,"column":17},"end":{"line":19,"column":18}},"loc":{"start":{"line":19,"column":30},"end":{"line":21,"column":5}},"line":19}},"branchMap":{"0":{"loc":{"start":{"line":3,"column":8},"end":{"line":5,"column":9}},"type":"if","locations":[{"start":{"line":3,"column":8},"end":{"line":5,"column":9}},{"start":{},"end":{}}],"line":3}},"s":{"0":2,"1":0,"2":2,"3":2,"4":2,"5":2,"6":2,"7":2},"f":{"0":2,"1":0,"2":0,"3":0,"4":0,"5":0},"b":{"0":[0,2]},"_coverageSchema":"1a1c01bbd47fc00a2c39e90264f33305004495a9","hash":"f736097d749d5df7fcafb6f68d03dfc4524bc832"}
,"/home/durjoydey/Documents/blog-application-backend/dao/mongoDbAuthDao.js": {"path":"/home/durjoydey/Documents/blog-application-backend/dao/mongoDbAuthDao.js","statementMap":{"0":{"start":{"line":1,"column":20},"end":{"line":1,"column":40}},"1":{"start":{"line":2,"column":20},"end":{"line":2,"column":45}},"2":{"start":{"line":3,"column":13},"end":{"line":3,"column":45}},"3":{"start":{"line":4,"column":17},"end":{"line":4,"column":47}},"4":{"start":{"line":7,"column":13},"end":{"line":10,"column":5}},"5":{"start":{"line":8,"column":24},"end":{"line":8,"column":51}},"6":{"start":{"line":9,"column":8},"end":{"line":9,"column":36}},"7":{"start":{"line":11,"column":12},"end":{"line":25,"column":5}},"8":{"start":{"line":12,"column":33},"end":{"line":12,"column":41}},"9":{"start":{"line":15,"column":8},"end":{"line":17,"column":9}},"10":{"start":{"line":16,"column":12},"end":{"line":16,"column":81}},"11":{"start":{"line":19,"column":21},"end":{"line":19,"column":70}},"12":{"start":{"line":21,"column":8},"end":{"line":23,"column":9}},"13":{"start":{"line":22,"column":12},"end":{"line":22,"column":74}},"14":{"start":{"line":24,"column":8},"end":{"line":24,"column":33}},"15":{"start":{"line":26,"column":14},"end":{"line":29,"column":5}},"16":{"start":{"line":27,"column":28},"end":{"line":27,"column":52}},"17":{"start":{"line":28,"column":8},"end":{"line":28,"column":27}},"18":{"start":{"line":31,"column":0},"end":{"line":31,"column":34}}},"fnMap":{"0":{"name":"(anonymous_0)","decl":{"start":{"line":7,"column":13},"end":{"line":7,"column":14}},"loc":{"start":{"line":7,"column":33},"end":{"line":10,"column":5}},"line":7},"1":{"name":"(anonymous_1)","decl":{"start":{"line":11,"column":12},"end":{"line":11,"column":13}},"loc":{"start":{"line":11,"column":31},"end":{"line":25,"column":5}},"line":11},"2":{"name":"(anonymous_2)","decl":{"start":{"line":26,"column":14},"end":{"line":26,"column":15}},"loc":{"start":{"line":26,"column":27},"end":{"line":29,"column":5}},"line":26}},"branchMap":{"0":{"loc":{"start":{"line":15,"column":8},"end":{"line":17,"column":9}},"type":"if","locations":[{"start":{"line":15,"column":8},"end":{"line":17,"column":9}},{"start":{},"end":{}}],"line":15},"1":{"loc":{"start":{"line":15,"column":11},"end":{"line":15,"column":30}},"type":"binary-expr","locations":[{"start":{"line":15,"column":11},"end":{"line":15,"column":17}},{"start":{"line":15,"column":21},"end":{"line":15,"column":30}}],"line":15},"2":{"loc":{"start":{"line":21,"column":8},"end":{"line":23,"column":9}},"type":"if","locations":[{"start":{"line":21,"column":8},"end":{"line":23,"column":9}},{"start":{},"end":{}}],"line":21},"3":{"loc":{"start":{"line":21,"column":11},"end":{"line":21,"column":71}},"type":"binary-expr","locations":[{"start":{"line":21,"column":11},"end":{"line":21,"column":16}},{"start":{"line":21,"column":20},"end":{"line":21,"column":71}}],"line":21}},"s":{"0":2,"1":2,"2":2,"3":2,"4":3,"5":0,"6":0,"7":3,"8":0,"9":0,"10":0,"11":0,"12":0,"13":0,"14":0,"15":3,"16":0,"17":0,"18":2},"f":{"0":0,"1":0,"2":0},"b":{"0":[0,0],"1":[0,0],"2":[0,0],"3":[0,0]},"_coverageSchema":"1a1c01bbd47fc00a2c39e90264f33305004495a9","hash":"b7aed12c11f1dcf792bd7e139c54568c60cf6bff"}
,"/home/durjoydey/Documents/blog-application-backend/dao/mongoDbBlogDao.js": {"path":"/home/durjoydey/Documents/blog-application-backend/dao/mongoDbBlogDao.js","statementMap":{"0":{"start":{"line":1,"column":20},"end":{"line":1,"column":40}},"1":{"start":{"line":2,"column":20},"end":{"line":2,"column":45}},"2":{"start":{"line":3,"column":13},"end":{"line":3,"column":43}},"3":{"start":{"line":4,"column":17},"end":{"line":4,"column":45}},"4":{"start":{"line":7,"column":17},"end":{"line":12,"column":5}},"5":{"start":{"line":9,"column":8},"end":{"line":9,"column":41}},"6":{"start":{"line":10,"column":21},"end":{"line":10,"column":48}},"7":{"start":{"line":11,"column":8},"end":{"line":11,"column":33}},"8":{"start":{"line":13,"column":14},"end":{"line":16,"column":5}},"9":{"start":{"line":14,"column":21},"end":{"line":14,"column":48}},"10":{"start":{"line":15,"column":8},"end":{"line":15,"column":33}},"11":{"start":{"line":17,"column":18},"end":{"line":24,"column":5}},"12":{"start":{"line":18,"column":22},"end":{"line":18,"column":39}},"13":{"start":{"line":19,"column":21},"end":{"line":19,"column":23}},"14":{"start":{"line":20,"column":8},"end":{"line":22,"column":9}},"15":{"start":{"line":20,"column":22},"end":{"line":20,"column":23}},"16":{"start":{"line":21,"column":12},"end":{"line":21,"column":45}},"17":{"start":{"line":23,"column":8},"end":{"line":23,"column":21}},"18":{"start":{"line":25,"column":17},"end":{"line":35,"column":5}},"19":{"start":{"line":26,"column":25},"end":{"line":26,"column":59}},"20":{"start":{"line":27,"column":8},"end":{"line":29,"column":9}},"21":{"start":{"line":28,"column":12},"end":{"line":28,"column":90}},"22":{"start":{"line":30,"column":21},"end":{"line":33,"column":10}},"23":{"start":{"line":34,"column":8},"end":{"line":34,"column":33}},"24":{"start":{"line":36,"column":17},"end":{"line":43,"column":5}},"25":{"start":{"line":37,"column":25},"end":{"line":37,"column":59}},"26":{"start":{"line":38,"column":8},"end":{"line":40,"column":9}},"27":{"start":{"line":39,"column":12},"end":{"line":39,"column":90}},"28":{"start":{"line":41,"column":8},"end":{"line":41,"column":52}},"29":{"start":{"line":42,"column":8},"end":{"line":42,"column":15}},"30":{"start":{"line":45,"column":0},"end":{"line":45,"column":34}}},"fnMap":{"0":{"name":"(anonymous_0)","decl":{"start":{"line":7,"column":17},"end":{"line":7,"column":18}},"loc":{"start":{"line":7,"column":37},"end":{"line":12,"column":5}},"line":7},"1":{"name":"(anonymous_1)","decl":{"start":{"line":13,"column":14},"end":{"line":13,"column":15}},"loc":{"start":{"line":13,"column":31},"end":{"line":16,"column":5}},"line":13},"2":{"name":"(anonymous_2)","decl":{"start":{"line":17,"column":18},"end":{"line":17,"column":19}},"loc":{"start":{"line":17,"column":28},"end":{"line":24,"column":5}},"line":17},"3":{"name":"(anonymous_3)","decl":{"start":{"line":25,"column":17},"end":{"line":25,"column":18}},"loc":{"start":{"line":25,"column":37},"end":{"line":35,"column":5}},"line":25},"4":{"name":"(anonymous_4)","decl":{"start":{"line":36,"column":17},"end":{"line":36,"column":18}},"loc":{"start":{"line":36,"column":30},"end":{"line":43,"column":5}},"line":36}},"branchMap":{"0":{"loc":{"start":{"line":27,"column":8},"end":{"line":29,"column":9}},"type":"if","locations":[{"start":{"line":27,"column":8},"end":{"line":29,"column":9}},{"start":{},"end":{}}],"line":27},"1":{"loc":{"start":{"line":38,"column":8},"end":{"line":40,"column":9}},"type":"if","locations":[{"start":{"line":38,"column":8},"end":{"line":40,"column":9}},{"start":{},"end":{}}],"line":38}},"s":{"0":2,"1":2,"2":2,"3":2,"4":2,"5":0,"6":0,"7":0,"8":2,"9":0,"10":0,"11":2,"12":0,"13":0,"14":0,"15":0,"16":0,"17":0,"18":2,"19":0,"20":0,"21":0,"22":0,"23":0,"24":2,"25":0,"26":0,"27":0,"28":0,"29":0,"30":2},"f":{"0":0,"1":0,"2":0,"3":0,"4":0},"b":{"0":[0,0],"1":[0,0]},"_coverageSchema":"1a1c01bbd47fc00a2c39e90264f33305004495a9","hash":"8094a4b6a3d1234170fbe4811b7c07e89f90bbd5"}
,"/home/durjoydey/Documents/blog-application-backend/dto/authDto.js": {"path":"/home/durjoydey/Documents/blog-application-backend/dto/authDto.js","statementMap":{"0":{"start":{"line":3,"column":22},"end":{"line":3,"column":54}},"1":{"start":{"line":4,"column":8},"end":{"line":4,"column":33}},"2":{"start":{"line":5,"column":8},"end":{"line":5,"column":35}},"3":{"start":{"line":6,"column":8},"end":{"line":6,"column":33}},"4":{"start":{"line":7,"column":8},"end":{"line":7,"column":41}},"5":{"start":{"line":8,"column":8},"end":{"line":8,"column":31}},"6":{"start":{"line":11,"column":0},"end":{"line":11,"column":27}}},"fnMap":{"0":{"name":"(anonymous_0)","decl":{"start":{"line":2,"column":4},"end":{"line":2,"column":5}},"loc":{"start":{"line":2,"column":21},"end":{"line":9,"column":5}},"line":2}},"branchMap":{},"s":{"0":0,"1":0,"2":0,"3":0,"4":0,"5":0,"6":2},"f":{"0":0},"b":{},"_coverageSchema":"1a1c01bbd47fc00a2c39e90264f33305004495a9","hash":"05ba187245ae2d5cc0dd5f447b35c316f14d4321"}
,"/home/durjoydey/Documents/blog-application-backend/dto/blogDto.js": {"path":"/home/durjoydey/Documents/blog-application-backend/dto/blogDto.js","statementMap":{"0":{"start":{"line":3,"column":22},"end":{"line":3,"column":54}},"1":{"start":{"line":4,"column":8},"end":{"line":4,"column":33}},"2":{"start":{"line":5,"column":8},"end":{"line":5,"column":47}},"3":{"start":{"line":6,"column":8},"end":{"line":6,"column":33}},"4":{"start":{"line":7,"column":8},"end":{"line":7,"column":39}},"5":{"start":{"line":8,"column":8},"end":{"line":8,"column":30}},"6":{"start":{"line":11,"column":0},"end":{"line":11,"column":27}}},"fnMap":{"0":{"name":"(anonymous_0)","decl":{"start":{"line":2,"column":4},"end":{"line":2,"column":5}},"loc":{"start":{"line":2,"column":21},"end":{"line":9,"column":5}},"line":2}},"branchMap":{},"s":{"0":0,"1":0,"2":0,"3":0,"4":0,"5":0,"6":2},"f":{"0":0},"b":{},"_coverageSchema":"1a1c01bbd47fc00a2c39e90264f33305004495a9","hash":"346d7ee569de3d94cdb7e3ac4a6015afe76ec4c5"}
,"/home/durjoydey/Documents/blog-application-backend/middlewares/authMiddlewares.js": {"path":"/home/durjoydey/Documents/blog-application-backend/middlewares/authMiddlewares.js","statementMap":{"0":{"start":{"line":1,"column":22},"end":{"line":1,"column":37}},"1":{"start":{"line":2,"column":12},"end":{"line":2,"column":35}},"2":{"start":{"line":3,"column":17},"end":{"line":3,"column":47}},"3":{"start":{"line":4,"column":19},"end":{"line":4,"column":51}},"4":{"start":{"line":5,"column":27},"end":{"line":5,"column":61}},"5":{"start":{"line":6,"column":24},"end":{"line":6,"column":60}},"6":{"start":{"line":8,"column":16},"end":{"line":8,"column":36}},"7":{"start":{"line":9,"column":20},"end":{"line":9,"column":44}},"8":{"start":{"line":11,"column":0},"end":{"line":30,"column":2}},"9":{"start":{"line":14,"column":4},"end":{"line":16,"column":5}},"10":{"start":{"line":15,"column":8},"end":{"line":15,"column":56}},"11":{"start":{"line":17,"column":4},"end":{"line":19,"column":5}},"12":{"start":{"line":18,"column":8},"end":{"line":18,"column":93}},"13":{"start":{"line":21,"column":20},"end":{"line":21,"column":77}},"14":{"start":{"line":23,"column":24},"end":{"line":23,"column":61}},"15":{"start":{"line":25,"column":4},"end":{"line":27,"column":5}},"16":{"start":{"line":26,"column":8},"end":{"line":26,"column":96}},"17":{"start":{"line":28,"column":4},"end":{"line":28,"column":27}},"18":{"start":{"line":29,"column":4},"end":{"line":29,"column":11}},"19":{"start":{"line":32,"column":0},"end":{"line":47,"column":2}},"20":{"start":{"line":33,"column":4},"end":{"line":33,"column":24}},"21":{"start":{"line":35,"column":4},"end":{"line":37,"column":5}},"22":{"start":{"line":36,"column":8},"end":{"line":36,"column":61}},"23":{"start":{"line":38,"column":4},"end":{"line":45,"column":5}},"24":{"start":{"line":40,"column":24},"end":{"line":40,"column":86}},"25":{"start":{"line":41,"column":28},"end":{"line":41,"column":65}},"26":{"start":{"line":42,"column":8},"end":{"line":44,"column":9}},"27":{"start":{"line":43,"column":12},"end":{"line":43,"column":72}},"28":{"start":{"line":46,"column":4},"end":{"line":46,"column":11}}},"fnMap":{"0":{"name":"(anonymous_0)","decl":{"start":{"line":11,"column":29},"end":{"line":11,"column":30}},"loc":{"start":{"line":11,"column":53},"end":{"line":30,"column":1}},"line":11},"1":{"name":"(anonymous_1)","decl":{"start":{"line":32,"column":29},"end":{"line":32,"column":30}},"loc":{"start":{"line":32,"column":52},"end":{"line":47,"column":1}},"line":32}},"branchMap":{"0":{"loc":{"start":{"line":14,"column":4},"end":{"line":16,"column":5}},"type":"if","locations":[{"start":{"line":14,"column":4},"end":{"line":16,"column":5}},{"start":{},"end":{}}],"line":14},"1":{"loc":{"start":{"line":14,"column":7},"end":{"line":14,"column":82}},"type":"binary-expr","locations":[{"start":{"line":14,"column":7},"end":{"line":14,"column":32}},{"start":{"line":14,"column":36},"end":{"line":14,"column":82}}],"line":14},"2":{"loc":{"start":{"line":17,"column":4},"end":{"line":19,"column":5}},"type":"if","locations":[{"start":{"line":17,"column":4},"end":{"line":19,"column":5}},{"start":{},"end":{}}],"line":17},"3":{"loc":{"start":{"line":25,"column":4},"end":{"line":27,"column":5}},"type":"if","locations":[{"start":{"line":25,"column":4},"end":{"line":27,"column":5}},{"start":{},"end":{}}],"line":25},"4":{"loc":{"start":{"line":35,"column":4},"end":{"line":37,"column":5}},"type":"if","locations":[{"start":{"line":35,"column":4},"end":{"line":37,"column":5}},{"start":{},"end":{}}],"line":35},"5":{"loc":{"start":{"line":35,"column":7},"end":{"line":35,"column":82}},"type":"binary-expr","locations":[{"start":{"line":35,"column":7},"end":{"line":35,"column":32}},{"start":{"line":35,"column":36},"end":{"line":35,"column":82}}],"line":35},"6":{"loc":{"start":{"line":38,"column":4},"end":{"line":45,"column":5}},"type":"if","locations":[{"start":{"line":38,"column":4},"end":{"line":45,"column":5}},{"start":{},"end":{}}],"line":38},"7":{"loc":{"start":{"line":42,"column":8},"end":{"line":44,"column":9}},"type":"if","locations":[{"start":{"line":42,"column":8},"end":{"line":44,"column":9}},{"start":{},"end":{}}],"line":42}},"s":{"0":1,"1":1,"2":1,"3":1,"4":1,"5":1,"6":1,"7":1,"8":1,"9":0,"10":0,"11":0,"12":0,"13":0,"14":0,"15":0,"16":0,"17":0,"18":0,"19":1,"20":0,"21":0,"22":0,"23":0,"24":0,"25":0,"26":0,"27":0,"28":0},"f":{"0":0,"1":0},"b":{"0":[0,0],"1":[0,0],"2":[0,0],"3":[0,0],"4":[0,0],"5":[0,0],"6":[0,0],"7":[0,0]},"_coverageSchema":"1a1c01bbd47fc00a2c39e90264f33305004495a9","hash":"3d0b7ed4ff22a8d93ffb9837aeda718739a14531"}
,"/home/durjoydey/Documents/blog-application-backend/models/blogModel.js": {"path":"/home/durjoydey/Documents/blog-application-backend/models/blogModel.js","statementMap":{"0":{"start":{"line":1,"column":17},"end":{"line":1,"column":36}},"1":{"start":{"line":3,"column":19},"end":{"line":20,"column":2}},"2":{"start":{"line":22,"column":13},"end":{"line":22,"column":46}},"3":{"start":{"line":24,"column":0},"end":{"line":24,"column":22}}},"fnMap":{},"branchMap":{},"s":{"0":2,"1":2,"2":2,"3":2},"f":{},"b":{},"_coverageSchema":"1a1c01bbd47fc00a2c39e90264f33305004495a9","hash":"af2dba0a17e278eb4e097421f5432595a26622cf"}
,"/home/durjoydey/Documents/blog-application-backend/models/userModel.js": {"path":"/home/durjoydey/Documents/blog-application-backend/models/userModel.js","statementMap":{"0":{"start":{"line":1,"column":17},"end":{"line":1,"column":36}},"1":{"start":{"line":2,"column":18},"end":{"line":2,"column":38}},"2":{"start":{"line":3,"column":15},"end":{"line":3,"column":34}},"3":{"start":{"line":5,"column":19},"end":{"line":39,"column":2}},"4":{"start":{"line":34,"column":16},"end":{"line":34,"column":44}},"5":{"start":{"line":41,"column":0},"end":{"line":48,"column":3}},"6":{"start":{"line":42,"column":4},"end":{"line":42,"column":51}},"7":{"start":{"line":42,"column":37},"end":{"line":42,"column":51}},"8":{"start":{"line":44,"column":4},"end":{"line":44,"column":55}},"9":{"start":{"line":46,"column":4},"end":{"line":46,"column":37}},"10":{"start":{"line":47,"column":4},"end":{"line":47,"column":11}},"11":{"start":{"line":50,"column":0},"end":{"line":52,"column":1}},"12":{"start":{"line":51,"column":4},"end":{"line":51,"column":64}},"13":{"start":{"line":54,"column":13},"end":{"line":54,"column":46}},"14":{"start":{"line":56,"column":0},"end":{"line":56,"column":22}}},"fnMap":{"0":{"name":"(anonymous_0)","decl":{"start":{"line":33,"column":23},"end":{"line":33,"column":24}},"loc":{"start":{"line":33,"column":35},"end":{"line":35,"column":13}},"line":33},"1":{"name":"(anonymous_1)","decl":{"start":{"line":41,"column":22},"end":{"line":41,"column":23}},"loc":{"start":{"line":41,"column":42},"end":{"line":48,"column":1}},"line":41},"2":{"name":"(anonymous_2)","decl":{"start":{"line":50,"column":37},"end":{"line":50,"column":38}},"loc":{"start":{"line":50,"column":83},"end":{"line":52,"column":1}},"line":50}},"branchMap":{"0":{"loc":{"start":{"line":42,"column":4},"end":{"line":42,"column":51}},"type":"if","locations":[{"start":{"line":42,"column":4},"end":{"line":42,"column":51}},{"start":{},"end":{}}],"line":42}},"s":{"0":2,"1":2,"2":2,"3":2,"4":0,"5":2,"6":0,"7":0,"8":0,"9":0,"10":0,"11":2,"12":0,"13":2,"14":2},"f":{"0":0,"1":0,"2":0},"b":{"0":[0,0]},"_coverageSchema":"1a1c01bbd47fc00a2c39e90264f33305004495a9","hash":"cd24c4d211128185cebeb67dfdd9a01e3fc37067"}
,"/home/durjoydey/Documents/blog-application-backend/routes/blogRoutes.js": {"path":"/home/durjoydey/Documents/blog-application-backend/routes/blogRoutes.js","statementMap":{"0":{"start":{"line":1,"column":16},"end":{"line":1,"column":34}},"1":{"start":{"line":3,"column":23},"end":{"line":3,"column":65}},"2":{"start":{"line":5,"column":23},"end":{"line":5,"column":64}},"3":{"start":{"line":7,"column":23},"end":{"line":7,"column":65}},"4":{"start":{"line":9,"column":24},"end":{"line":9,"column":67}},"5":{"start":{"line":12,"column":15},"end":{"line":12,"column":31}},"6":{"start":{"line":14,"column":0},"end":{"line":16,"column":119}},"7":{"start":{"line":18,"column":0},"end":{"line":21,"column":58}},"8":{"start":{"line":23,"column":0},"end":{"line":23,"column":24}}},"fnMap":{},"branchMap":{},"s":{"0":1,"1":1,"2":1,"3":1,"4":1,"5":1,"6":1,"7":1,"8":1},"f":{},"b":{},"_coverageSchema":"1a1c01bbd47fc00a2c39e90264f33305004495a9","hash":"8635136e3483630a44af7250269e0bb8b6b57e4f"}
,"/home/durjoydey/Documents/blog-application-backend/routes/userRoutes.js": {"path":"/home/durjoydey/Documents/blog-application-backend/routes/userRoutes.js","statementMap":{"0":{"start":{"line":1,"column":16},"end":{"line":1,"column":34}},"1":{"start":{"line":2,"column":23},"end":{"line":2,"column":65}},"2":{"start":{"line":3,"column":23},"end":{"line":3,"column":65}},"3":{"start":{"line":4,"column":24},"end":{"line":4,"column":67}},"4":{"start":{"line":6,"column":15},"end":{"line":6,"column":31}},"5":{"start":{"line":8,"column":0},"end":{"line":8,"column":69}},"6":{"start":{"line":9,"column":0},"end":{"line":9,"column":67}},"7":{"start":{"line":12,"column":0},"end":{"line":12,"column":82}},"8":{"start":{"line":13,"column":0},"end":{"line":13,"column":82}},"9":{"start":{"line":15,"column":0},"end":{"line":15,"column":24}}},"fnMap":{},"branchMap":{},"s":{"0":1,"1":1,"2":1,"3":1,"4":1,"5":1,"6":1,"7":1,"8":1,"9":1},"f":{},"b":{},"_coverageSchema":"1a1c01bbd47fc00a2c39e90264f33305004495a9","hash":"b0dbf5a6fde75ad8ddb12a4e0d011cf369d40c38"}
,"/home/durjoydey/Documents/blog-application-backend/services/authService.js": {"path":"/home/durjoydey/Documents/blog-application-backend/services/authService.js","statementMap":{"0":{"start":{"line":3,"column":7},"end":{"line":3,"column":30}},"1":{"start":{"line":6,"column":8},"end":{"line":6,"column":45}},"2":{"start":{"line":9,"column":8},"end":{"line":9,"column":44}},"3":{"start":{"line":12,"column":8},"end":{"line":12,"column":41}},"4":{"start":{"line":16,"column":0},"end":{"line":16,"column":31}}},"fnMap":{"0":{"name":"(anonymous_0)","decl":{"start":{"line":2,"column":4},"end":{"line":2,"column":5}},"loc":{"start":{"line":2,"column":24},"end":{"line":4,"column":5}},"line":2},"1":{"name":"(anonymous_1)","decl":{"start":{"line":5,"column":4},"end":{"line":5,"column":5}},"loc":{"start":{"line":5,"column":20},"end":{"line":7,"column":5}},"line":5},"2":{"name":"(anonymous_2)","decl":{"start":{"line":8,"column":4},"end":{"line":8,"column":5}},"loc":{"start":{"line":8,"column":19},"end":{"line":10,"column":5}},"line":8},"3":{"name":"(anonymous_3)","decl":{"start":{"line":11,"column":4},"end":{"line":11,"column":5}},"loc":{"start":{"line":11,"column":16},"end":{"line":13,"column":5}},"line":11}},"branchMap":{},"s":{"0":3,"1":1,"2":1,"3":0,"4":2},"f":{"0":3,"1":1,"2":1,"3":0},"b":{},"_coverageSchema":"1a1c01bbd47fc00a2c39e90264f33305004495a9","hash":"cb6b817c120652aa25790fb36382a792e0d9db48"}
,"/home/durjoydey/Documents/blog-application-backend/services/blogService.js": {"path":"/home/durjoydey/Documents/blog-application-backend/services/blogService.js","statementMap":{"0":{"start":{"line":2,"column":20},"end":{"line":2,"column":45}},"1":{"start":{"line":5,"column":7},"end":{"line":5,"column":30}},"2":{"start":{"line":8,"column":8},"end":{"line":8,"column":49}},"3":{"start":{"line":11,"column":8},"end":{"line":11,"column":44}},"4":{"start":{"line":14,"column":8},"end":{"line":14,"column":42}},"5":{"start":{"line":17,"column":8},"end":{"line":17,"column":49}},"6":{"start":{"line":20,"column":8},"end":{"line":20,"column":44}},"7":{"start":{"line":24,"column":0},"end":{"line":24,"column":31}}},"fnMap":{"0":{"name":"(anonymous_0)","decl":{"start":{"line":4,"column":4},"end":{"line":4,"column":5}},"loc":{"start":{"line":4,"column":24},"end":{"line":6,"column":5}},"line":4},"1":{"name":"(anonymous_1)","decl":{"start":{"line":7,"column":4},"end":{"line":7,"column":5}},"loc":{"start":{"line":7,"column":24},"end":{"line":9,"column":5}},"line":7},"2":{"name":"(anonymous_2)","decl":{"start":{"line":10,"column":4},"end":{"line":10,"column":5}},"loc":{"start":{"line":10,"column":19},"end":{"line":12,"column":5}},"line":10},"3":{"name":"(anonymous_3)","decl":{"start":{"line":13,"column":4},"end":{"line":13,"column":5}},"loc":{"start":{"line":13,"column":17},"end":{"line":15,"column":5}},"line":13},"4":{"name":"(anonymous_4)","decl":{"start":{"line":16,"column":4},"end":{"line":16,"column":5}},"loc":{"start":{"line":16,"column":24},"end":{"line":18,"column":5}},"line":16},"5":{"name":"(anonymous_5)","decl":{"start":{"line":19,"column":4},"end":{"line":19,"column":5}},"loc":{"start":{"line":19,"column":19},"end":{"line":21,"column":5}},"line":19}},"branchMap":{},"s":{"0":2,"1":2,"2":2,"3":0,"4":2,"5":1,"6":1,"7":2},"f":{"0":2,"1":2,"2":0,"3":2,"4":1,"5":1},"b":{},"_coverageSchema":"1a1c01bbd47fc00a2c39e90264f33305004495a9","hash":"e83059685d58b23ef1308171eee0f9b89f868af9"}
,"/home/durjoydey/Documents/blog-application-backend/utils/appError.js": {"path":"/home/durjoydey/Documents/blog-application-backend/utils/appError.js","statementMap":{"0":{"start":{"line":3,"column":6},"end":{"line":3,"column":21}},"1":{"start":{"line":4,"column":6},"end":{"line":4,"column":35}},"2":{"start":{"line":5,"column":6},"end":{"line":5,"column":28}},"3":{"start":{"line":7,"column":6},"end":{"line":7,"column":29}},"4":{"start":{"line":8,"column":6},"end":{"line":8,"column":32}},"5":{"start":{"line":10,"column":6},"end":{"line":10,"column":54}},"6":{"start":{"line":14,"column":2},"end":{"line":14,"column":28}}},"fnMap":{"0":{"name":"(anonymous_0)","decl":{"start":{"line":2,"column":4},"end":{"line":2,"column":5}},"loc":{"start":{"line":2,"column":37},"end":{"line":11,"column":5}},"line":2}},"branchMap":{},"s":{"0":0,"1":0,"2":0,"3":0,"4":0,"5":0,"6":3},"f":{"0":0},"b":{},"_coverageSchema":"1a1c01bbd47fc00a2c39e90264f33305004495a9","hash":"e9962ce6cb70a96b8ca79bb8df04df4320b92670"}
,"/home/durjoydey/Documents/blog-application-backend/utils/catchAsync.js": {"path":"/home/durjoydey/Documents/blog-application-backend/utils/catchAsync.js","statementMap":{"0":{"start":{"line":1,"column":0},"end":{"line":5,"column":2}},"1":{"start":{"line":2,"column":4},"end":{"line":4,"column":6}},"2":{"start":{"line":3,"column":6},"end":{"line":3,"column":37}}},"fnMap":{"0":{"name":"(anonymous_0)","decl":{"start":{"line":1,"column":17},"end":{"line":1,"column":18}},"loc":{"start":{"line":1,"column":23},"end":{"line":5,"column":1}},"line":1},"1":{"name":"(anonymous_1)","decl":{"start":{"line":2,"column":11},"end":{"line":2,"column":12}},"loc":{"start":{"line":2,"column":31},"end":{"line":4,"column":5}},"line":2}},"branchMap":{},"s":{"0":1,"1":3,"2":0},"f":{"0":3,"1":0},"b":{},"_coverageSchema":"1a1c01bbd47fc00a2c39e90264f33305004495a9","hash":"48f31eb84a863771e0f6e05b40179f954c02eca9"}
,"/home/durjoydey/Documents/blog-application-backend/validations/blogValidator.js": {"path":"/home/durjoydey/Documents/blog-application-backend/validations/blogValidator.js","statementMap":{"0":{"start":{"line":1,"column":35},"end":{"line":1,"column":63}},"1":{"start":{"line":3,"column":0},"end":{"line":9,"column":1}},"2":{"start":{"line":4,"column":2},"end":{"line":8,"column":3}},"3":{"start":{"line":11,"column":0},"end":{"line":16,"column":3}},"4":{"start":{"line":12,"column":4},"end":{"line":15,"column":5}},"5":{"start":{"line":19,"column":0},"end":{"line":30,"column":1}},"6":{"start":{"line":20,"column":17},"end":{"line":20,"column":38}},"7":{"start":{"line":21,"column":2},"end":{"line":23,"column":3}},"8":{"start":{"line":22,"column":4},"end":{"line":22,"column":17}},"9":{"start":{"line":24,"column":26},"end":{"line":24,"column":28}},"10":{"start":{"line":25,"column":2},"end":{"line":25,"column":75}},"11":{"start":{"line":25,"column":28},"end":{"line":25,"column":74}},"12":{"start":{"line":27,"column":2},"end":{"line":29,"column":4}}},"fnMap":{"0":{"name":"(anonymous_0)","decl":{"start":{"line":3,"column":31},"end":{"line":3,"column":32}},"loc":{"start":{"line":3,"column":37},"end":{"line":9,"column":1}},"line":3},"1":{"name":"(anonymous_1)","decl":{"start":{"line":11,"column":31},"end":{"line":11,"column":32}},"loc":{"start":{"line":11,"column":37},"end":{"line":16,"column":3}},"line":11},"2":{"name":"(anonymous_2)","decl":{"start":{"line":19,"column":19},"end":{"line":19,"column":20}},"loc":{"start":{"line":19,"column":39},"end":{"line":30,"column":1}},"line":19},"3":{"name":"(anonymous_3)","decl":{"start":{"line":25,"column":21},"end":{"line":25,"column":22}},"loc":{"start":{"line":25,"column":28},"end":{"line":25,"column":74}},"line":25}},"branchMap":{"0":{"loc":{"start":{"line":21,"column":2},"end":{"line":23,"column":3}},"type":"if","locations":[{"start":{"line":21,"column":2},"end":{"line":23,"column":3}},{"start":{},"end":{}}],"line":21}},"s":{"0":1,"1":1,"2":1,"3":1,"4":1,"5":1,"6":0,"7":0,"8":0,"9":0,"10":0,"11":0,"12":0},"f":{"0":1,"1":1,"2":0,"3":0},"b":{"0":[0,0]},"_coverageSchema":"1a1c01bbd47fc00a2c39e90264f33305004495a9","hash":"8c6852b497e0070854d2062b220028a35c8e81c8"}
}
